Removed Pin From Net: NetName=NetP1_4 Pin=U3-36
Removed Pin From Net: NetName=NetP1_3 Pin=U3-37
Added Component: Designator=U5(RTC_DS3231)
Added Pin To Net: NetName=NetP1_1 Pin=U1-4
Added Pin To Net: NetName=NetP1_2 Pin=U1-5
Added Pin To Net: NetName=NetP1_1 Pin=U2-1
Added Pin To Net: NetName=NetP1_2 Pin=U2-4
Added Pin To Net: NetName=NetP1_4 Pin=U3-34
Added Pin To Net: NetName=NetP1_3 Pin=U3-35
Added Pin To Net: NetName=NetP1_1 Pin=U4-1
Added Pin To Net: NetName=NetP1_2 Pin=U4-3
Added Pin To Net: NetName=NetP1_1 Pin=U5-5
Added Pin To Net: NetName=NetP1_2 Pin=U5-6
Added Pin To Net: NetName=NetU1_1 Pin=U1-1
Added Pin To Net: NetName=NetU1_1 Pin=U3-6
Added Net: Name=NetU1_1
Added Pin To Net: NetName=NetU1_2 Pin=U1-2
Added Pin To Net: NetName=NetU1_2 Pin=U3-5
Added Net: Name=NetU1_2
Added Pin To Net: NetName=NetU1_3 Pin=U1-3
Added Pin To Net: NetName=NetU1_3 Pin=U3-7
Added Net: Name=NetU1_3
Added Pin To Net: NetName=NetU2_2 Pin=U2-2
Added Pin To Net: NetName=NetU2_2 Pin=U3-36
Added Net: Name=NetU2_2
Added Pin To Net: NetName=NetU2_3 Pin=U2-3
Added Pin To Net: NetName=NetU2_3 Pin=U3-37
Added Net: Name=NetU2_3
Added Pin To Net: NetName=NetU3_9 Pin=U3-9
Added Pin To Net: NetName=NetU3_9 Pin=U4-2
Added Net: Name=NetU3_9
Added Pin To Net: NetName=NetU3_15 Pin=U3-15
Added Pin To Net: NetName=NetU3_15 Pin=U5-3
Added Net: Name=NetU3_15
Added Pin To Net: NetName=NetU3_16 Pin=U3-16
Added Pin To Net: NetName=NetU3_16 Pin=U5-4
Added Net: Name=NetU3_16
Added Room: Name=Sheet1
